This file contains any messages produced by compilers while
running configure, to aid debugging if configure makes a mistake.

It was created by like configure 0.0.1, which was
generated by GNU Autoconf 2.69.  Invocation command line was

  $ ./configure 

## --------- ##
## Platform. ##
## --------- ##

hostname = pino-virtual-machine
uname -m = x86_64
uname -r = 4.8.0-41-generic
uname -s = Linux
uname -v = #44~16.04.1-Ubuntu SMP Fri Mar 3 17:11:16 UTC 2017

/usr/bin/uname -p = unknown
/bin/uname -X     = unknown

/bin/arch              = unknown
/usr/bin/arch -k       = unknown
/usr/convex/getsysinfo = unknown
/usr/bin/hostinfo      = unknown
/bin/machine           = unknown
/usr/bin/oslevel       = unknown
/bin/universe          = unknown

PATH: /home/pino/anaconda3/bin
PATH: /home/pino/bin
PATH: /home/pino/.local/bin
PATH: /usr/local/sbin
PATH: /usr/local/bin
PATH: /usr/sbin
PATH: /usr/bin
PATH: /sbin
PATH: /bin
PATH: /usr/games
PATH: /usr/local/games
PATH: /snap/bin


## ----------- ##
## Core tests. ##
## ----------- ##

configure:2200: checking for gcc
configure:2216: found /usr/bin/gcc
configure:2227: result: gcc
configure:2456: checking for C compiler version
configure:2465: gcc --version >&5
gcc (Ubuntu 5.4.0-6ubuntu1~16.04.4) 5.4.0 20160609
Copyright (C) 2015 Free Software Foundation, Inc.
This is free software; see the source for copying conditions.  There is NO
warranty; not even for MERCHANTABILITY or FITNESS FOR A PARTICULAR PURPOSE.

configure:2476: $? = 0
configure:2465: gcc -v >&5
Using built-in specs.
COLLECT_GCC=gcc
COLLECT_LTO_WRAPPER=/usr/lib/gcc/x86_64-linux-gnu/5/lto-wrapper
Target: x86_64-linux-gnu
Configured with: ../src/configure -v --with-pkgversion='Ubuntu 5.4.0-6ubuntu1~16.04.4' --with-bugurl=file:///usr/share/doc/gcc-5/README.Bugs --enable-languages=c,ada,c++,java,go,d,fortran,objc,obj-c++ --prefix=/usr --program-suffix=-5 --enable-shared --enable-linker-build-id --libexecdir=/usr/lib --without-included-gettext --enable-threads=posix --libdir=/usr/lib --enable-nls --with-sysroot=/ --enable-clocale=gnu --enable-libstdcxx-debug --enable-libstdcxx-time=yes --with-default-libstdcxx-abi=new --enable-gnu-unique-object --disable-vtable-verify --enable-libmpx --enable-plugin --with-system-zlib --disable-browser-plugin --enable-java-awt=gtk --enable-gtk-cairo --with-java-home=/usr/lib/jvm/java-1.5.0-gcj-5-amd64/jre --enable-java-home --with-jvm-root-dir=/usr/lib/jvm/java-1.5.0-gcj-5-amd64 --with-jvm-jar-dir=/usr/lib/jvm-exports/java-1.5.0-gcj-5-amd64 --with-arch-directory=amd64 --with-ecj-jar=/usr/share/java/eclipse-ecj.jar --enable-objc-gc --enable-multiarch --disable-werror --with-arch-32=i686 --with-abi=m64 --with-multilib-list=m32,m64,mx32 --enable-multilib --with-tune=generic --enable-checking=release --build=x86_64-linux-gnu --host=x86_64-linux-gnu --target=x86_64-linux-gnu
Thread model: posix
gcc version 5.4.0 20160609 (Ubuntu 5.4.0-6ubuntu1~16.04.4) 
configure:2476: $? = 0
configure:2465: gcc -V >&5
gcc: error: unrecognized command line option '-V'
gcc: fatal error: no input files
compilation terminated.
configure:2476: $? = 1
configure:2465: gcc -qversion >&5
gcc: error: unrecognized command line option '-qversion'
gcc: fatal error: no input files
compilation terminated.
configure:2476: $? = 1
configure:2496: checking whether the C compiler works
configure:2518: gcc    conftest.c  >&5
configure:2522: $? = 0
configure:2570: result: yes
configure:2573: checking for C compiler default output file name
configure:2575: result: a.out
configure:2581: checking for suffix of executables
configure:2588: gcc -o conftest    conftest.c  >&5
configure:2592: $? = 0
configure:2614: result: 
configure:2636: checking whether we are cross compiling
configure:2644: gcc -o conftest    conftest.c  >&5
configure:2648: $? = 0
configure:2655: ./conftest
configure:2659: $? = 0
configure:2674: result: no
configure:2679: checking for suffix of object files
configure:2701: gcc -c   conftest.c >&5
configure:2705: $? = 0
configure:2726: result: o
configure:2730: checking whether we are using the GNU C compiler
configure:2749: gcc -c   conftest.c >&5
configure:2749: $? = 0
configure:2758: result: yes
configure:2767: checking whether gcc accepts -g
configure:2787: gcc -c -g  conftest.c >&5
configure:2787: $? = 0
configure:2828: result: yes
configure:2845: checking for gcc option to accept ISO C89
configure:2908: gcc  -c -g -O2  conftest.c >&5
configure:2908: $? = 0
configure:2921: result: none needed
configure:2946: checking how to run the C preprocessor
configure:2977: gcc -E  conftest.c
configure:2977: $? = 0
configure:2991: gcc -E  conftest.c
conftest.c:9:28: fatal error: ac_nonexistent.h: No such file or directory
compilation terminated.
configure:2991: $? = 1
configure: failed program was:
| /* confdefs.h */
| #define PACKAGE_NAME "like"
| #define PACKAGE_TARNAME "like"
| #define PACKAGE_VERSION "0.0.1"
| #define PACKAGE_STRING "like 0.0.1"
| #define PACKAGE_BUGREPORT "swkim@wizardlab.co.kr"
| #define PACKAGE_URL ""
| /* end confdefs.h.  */
| #include <ac_nonexistent.h>
configure:3016: result: gcc -E
configure:3036: gcc -E  conftest.c
configure:3036: $? = 0
configure:3050: gcc -E  conftest.c
conftest.c:9:28: fatal error: ac_nonexistent.h: No such file or directory
compilation terminated.
configure:3050: $? = 1
configure: failed program was:
| /* confdefs.h */
| #define PACKAGE_NAME "like"
| #define PACKAGE_TARNAME "like"
| #define PACKAGE_VERSION "0.0.1"
| #define PACKAGE_STRING "like 0.0.1"
| #define PACKAGE_BUGREPORT "swkim@wizardlab.co.kr"
| #define PACKAGE_URL ""
| /* end confdefs.h.  */
| #include <ac_nonexistent.h>
configure:3080: checking for memcpy in -lc
configure:3105: gcc -o conftest -g -O2   conftest.c -lc   >&5
conftest.c:16:6: warning: conflicting types for built-in function 'memcpy'
 char memcpy ();
      ^
configure:3105: $? = 0
configure:3114: result: yes
configure:3125: checking for sin in -lm
configure:3150: gcc -o conftest -g -O2   conftest.c -lm  -lc  >&5
conftest.c:17:6: warning: conflicting types for built-in function 'sin'
 char sin ();
      ^
configure:3150: $? = 0
configure:3159: result: yes
configure:3172: checking for grep that handles long lines and -e
configure:3230: result: /bin/grep
configure:3235: checking for egrep
configure:3297: result: /bin/grep -E
configure:3302: checking for ANSI C header files
configure:3322: gcc -c -g -O2  conftest.c >&5
configure:3322: $? = 0
configure:3395: gcc -o conftest -g -O2   conftest.c -lm -lc  >&5
configure:3395: $? = 0
configure:3395: ./conftest
configure:3395: $? = 0
configure:3406: result: yes
configure:3419: checking for sys/types.h
configure:3419: gcc -c -g -O2  conftest.c >&5
configure:3419: $? = 0
configure:3419: result: yes
configure:3419: checking for sys/stat.h
configure:3419: gcc -c -g -O2  conftest.c >&5
configure:3419: $? = 0
configure:3419: result: yes
configure:3419: checking for stdlib.h
configure:3419: gcc -c -g -O2  conftest.c >&5
configure:3419: $? = 0
configure:3419: result: yes
configure:3419: checking for string.h
configure:3419: gcc -c -g -O2  conftest.c >&5
configure:3419: $? = 0
configure:3419: result: yes
configure:3419: checking for memory.h
configure:3419: gcc -c -g -O2  conftest.c >&5
configure:3419: $? = 0
configure:3419: result: yes
configure:3419: checking for strings.h
configure:3419: gcc -c -g -O2  conftest.c >&5
configure:3419: $? = 0
configure:3419: result: yes
configure:3419: checking for inttypes.h
configure:3419: gcc -c -g -O2  conftest.c >&5
configure:3419: $? = 0
configure:3419: result: yes
configure:3419: checking for stdint.h
configure:3419: gcc -c -g -O2  conftest.c >&5
configure:3419: $? = 0
configure:3419: result: yes
configure:3419: checking for unistd.h
configure:3419: gcc -c -g -O2  conftest.c >&5
configure:3419: $? = 0
configure:3419: result: yes
configure:3434: checking fcntl.h usability
configure:3434: gcc -c -g -O2  conftest.c >&5
configure:3434: $? = 0
configure:3434: result: yes
configure:3434: checking fcntl.h presence
configure:3434: gcc -E  conftest.c
configure:3434: $? = 0
configure:3434: result: yes
configure:3434: checking for fcntl.h
configure:3434: result: yes
configure:3434: checking for stdlib.h
configure:3434: result: yes
configure:3434: checking for string.h
configure:3434: result: yes
configure:3434: checking sys/ioctl.h usability
configure:3434: gcc -c -g -O2  conftest.c >&5
configure:3434: $? = 0
configure:3434: result: yes
configure:3434: checking sys/ioctl.h presence
configure:3434: gcc -E  conftest.c
configure:3434: $? = 0
configure:3434: result: yes
configure:3434: checking for sys/ioctl.h
configure:3434: result: yes
configure:3434: checking termios.h usability
configure:3434: gcc -c -g -O2  conftest.c >&5
configure:3434: $? = 0
configure:3434: result: yes
configure:3434: checking termios.h presence
configure:3434: gcc -E  conftest.c
configure:3434: $? = 0
configure:3434: result: yes
configure:3434: checking for termios.h
configure:3434: result: yes
configure:3434: checking for unistd.h
configure:3434: result: yes
configure:3447: checking for dirent.h that defines DIR
configure:3466: gcc -c -g -O2  conftest.c >&5
configure:3466: $? = 0
configure:3474: result: yes
configure:3487: checking for library containing opendir
configure:3518: gcc -o conftest -g -O2   conftest.c -lm -lc  >&5
configure:3518: $? = 0
configure:3535: result: none required
configure:3603: checking for size_t
configure:3603: gcc -c -g -O2  conftest.c >&5
configure:3603: $? = 0
configure:3603: gcc -c -g -O2  conftest.c >&5
conftest.c: In function 'main':
conftest.c:64:21: error: expected expression before ')' token
 if (sizeof ((size_t)))
                     ^
configure:3603: $? = 1
configure: failed program was:
| /* confdefs.h */
| #define PACKAGE_NAME "like"
| #define PACKAGE_TARNAME "like"
| #define PACKAGE_VERSION "0.0.1"
| #define PACKAGE_STRING "like 0.0.1"
| #define PACKAGE_BUGREPORT "swkim@wizardlab.co.kr"
| #define PACKAGE_URL ""
| #define HAVE_LIBC 1
| #define HAVE_LIBM 1
| #define STDC_HEADERS 1
| #define HAVE_SYS_TYPES_H 1
| #define HAVE_SYS_STAT_H 1
| #define HAVE_STDLIB_H 1
| #define HAVE_STRING_H 1
| #define HAVE_MEMORY_H 1
| #define HAVE_STRINGS_H 1
| #define HAVE_INTTYPES_H 1
| #define HAVE_STDINT_H 1
| #define HAVE_UNISTD_H 1
| #define HAVE_FCNTL_H 1
| #define HAVE_STDLIB_H 1
| #define HAVE_STRING_H 1
| #define HAVE_SYS_IOCTL_H 1
| #define HAVE_TERMIOS_H 1
| #define HAVE_UNISTD_H 1
| #define HAVE_DIRENT_H 1
| /* end confdefs.h.  */
| #include <stdio.h>
| #ifdef HAVE_SYS_TYPES_H
| # include <sys/types.h>
| #endif
| #ifdef HAVE_SYS_STAT_H
| # include <sys/stat.h>
| #endif
| #ifdef STDC_HEADERS
| # include <stdlib.h>
| # include <stddef.h>
| #else
| # ifdef HAVE_STDLIB_H
| #  include <stdlib.h>
| # endif
| #endif
| #ifdef HAVE_STRING_H
| # if !defined STDC_HEADERS && defined HAVE_MEMORY_H
| #  include <memory.h>
| # endif
| # include <string.h>
| #endif
| #ifdef HAVE_STRINGS_H
| # include <strings.h>
| #endif
| #ifdef HAVE_INTTYPES_H
| # include <inttypes.h>
| #endif
| #ifdef HAVE_STDINT_H
| # include <stdint.h>
| #endif
| #ifdef HAVE_UNISTD_H
| # include <unistd.h>
| #endif
| int
| main ()
| {
| if (sizeof ((size_t)))
| 	    return 0;
|   ;
|   return 0;
| }
configure:3603: result: yes
configure:3614: checking whether struct tm is in sys/time.h or time.h
configure:3634: gcc -c -g -O2  conftest.c >&5
configure:3634: $? = 0
configure:3641: result: time.h
configure:3653: checking for strchr
configure:3653: gcc -o conftest -g -O2   conftest.c -lm -lc  >&5
conftest.c:51:6: warning: conflicting types for built-in function 'strchr'
 char strchr ();
      ^
configure:3653: $? = 0
configure:3653: result: yes
configure:3653: checking for strdup
configure:3653: gcc -o conftest -g -O2   conftest.c -lm -lc  >&5
conftest.c:52:6: warning: conflicting types for built-in function 'strdup'
 char strdup ();
      ^
configure:3653: $? = 0
configure:3653: result: yes
configure:3653: checking for ststr
configure:3653: gcc -o conftest -g -O2   conftest.c -lm -lc  >&5
/tmp/ccV9iw54.o: In function `main':
/home/pino/git-repo/week3/03_autoconf/conftest.c:64: undefined reference to `ststr'
collect2: error: ld returned 1 exit status
configure:3653: $? = 1
configure: failed program was:
| /* confdefs.h */
| #define PACKAGE_NAME "like"
| #define PACKAGE_TARNAME "like"
| #define PACKAGE_VERSION "0.0.1"
| #define PACKAGE_STRING "like 0.0.1"
| #define PACKAGE_BUGREPORT "swkim@wizardlab.co.kr"
| #define PACKAGE_URL ""
| #define HAVE_LIBC 1
| #define HAVE_LIBM 1
| #define STDC_HEADERS 1
| #define HAVE_SYS_TYPES_H 1
| #define HAVE_SYS_STAT_H 1
| #define HAVE_STDLIB_H 1
| #define HAVE_STRING_H 1
| #define HAVE_MEMORY_H 1
| #define HAVE_STRINGS_H 1
| #define HAVE_INTTYPES_H 1
| #define HAVE_STDINT_H 1
| #define HAVE_UNISTD_H 1
| #define HAVE_FCNTL_H 1
| #define HAVE_STDLIB_H 1
| #define HAVE_STRING_H 1
| #define HAVE_SYS_IOCTL_H 1
| #define HAVE_TERMIOS_H 1
| #define HAVE_UNISTD_H 1
| #define HAVE_DIRENT_H 1
| #define HAVE_STRCHR 1
| #define HAVE_STRDUP 1
| /* end confdefs.h.  */
| /* Define ststr to an innocuous variant, in case <limits.h> declares ststr.
|    For example, HP-UX 11i <limits.h> declares gettimeofday.  */
| #define ststr innocuous_ststr
| 
| /* System header to define __stub macros and hopefully few prototypes,
|     which can conflict with char ststr (); below.
|     Prefer <limits.h> to <assert.h> if __STDC__ is defined, since
|     <limits.h> exists even on freestanding compilers.  */
| 
| #ifdef __STDC__
| # include <limits.h>
| #else
| # include <assert.h>
| #endif
| 
| #undef ststr
| 
| /* Override any GCC internal prototype to avoid an error.
|    Use char because int might match the return type of a GCC
|    builtin and then its argument prototype would still apply.  */
| #ifdef __cplusplus
| extern "C"
| #endif
| char ststr ();
| /* The GNU C library defines this for functions which it implements
|     to always fail with ENOSYS.  Some functions are actually named
|     something starting with __ and the normal name is an alias.  */
| #if defined __stub_ststr || defined __stub___ststr
| choke me
| #endif
| 
| int
| main ()
| {
| return ststr ();
|   ;
|   return 0;
| }
configure:3653: result: no
configure:3664: checking for stdlib.h
configure:3664: result: yes
configure:3674: checking for GNU libc compatible malloc
configure:3698: gcc -o conftest -g -O2   conftest.c -lm -lc  >&5
configure:3698: $? = 0
configure:3698: ./conftest
configure:3698: $? = 0
configure:3708: result: yes
configure:3882: creating ./config.status

## ---------------------- ##
## Running config.status. ##
## ---------------------- ##

This file was extended by like config.status 0.0.1, which was
generated by GNU Autoconf 2.69.  Invocation command line was

  CONFIG_FILES    = 
  CONFIG_HEADERS  = 
  CONFIG_LINKS    = 
  CONFIG_COMMANDS = 
  $ ./config.status 

on pino-virtual-machine

config.status:725: creating Makefile

## ---------------- ##
## Cache variables. ##
## ---------------- ##

ac_cv_c_compiler_gnu=yes
ac_cv_env_CC_set=
ac_cv_env_CC_value=
ac_cv_env_CFLAGS_set=
ac_cv_env_CFLAGS_value=
ac_cv_env_CPPFLAGS_set=
ac_cv_env_CPPFLAGS_value=
ac_cv_env_CPP_set=
ac_cv_env_CPP_value=
ac_cv_env_LDFLAGS_set=
ac_cv_env_LDFLAGS_value=
ac_cv_env_LIBS_set=
ac_cv_env_LIBS_value=
ac_cv_env_build_alias_set=
ac_cv_env_build_alias_value=
ac_cv_env_host_alias_set=
ac_cv_env_host_alias_value=
ac_cv_env_target_alias_set=
ac_cv_env_target_alias_value=
ac_cv_func_malloc_0_nonnull=yes
ac_cv_func_strchr=yes
ac_cv_func_strdup=yes
ac_cv_func_ststr=no
ac_cv_header_dirent_dirent_h=yes
ac_cv_header_fcntl_h=yes
ac_cv_header_inttypes_h=yes
ac_cv_header_memory_h=yes
ac_cv_header_stdc=yes
ac_cv_header_stdint_h=yes
ac_cv_header_stdlib_h=yes
ac_cv_header_string_h=yes
ac_cv_header_strings_h=yes
ac_cv_header_sys_ioctl_h=yes
ac_cv_header_sys_stat_h=yes
ac_cv_header_sys_types_h=yes
ac_cv_header_termios_h=yes
ac_cv_header_unistd_h=yes
ac_cv_lib_c_memcpy=yes
ac_cv_lib_m_sin=yes
ac_cv_objext=o
ac_cv_path_EGREP='/bin/grep -E'
ac_cv_path_GREP=/bin/grep
ac_cv_prog_CPP='gcc -E'
ac_cv_prog_ac_ct_CC=gcc
ac_cv_prog_cc_c89=
ac_cv_prog_cc_g=yes
ac_cv_search_opendir='none required'
ac_cv_struct_tm=time.h
ac_cv_type_size_t=yes

## ----------------- ##
## Output variables. ##
## ----------------- ##

CC='gcc'
CFLAGS='-g -O2'
CPP='gcc -E'
CPPFLAGS=''
DEFS='-DPACKAGE_NAME=\"like\" -DPACKAGE_TARNAME=\"like\" -DPACKAGE_VERSION=\"0.0.1\" -DPACKAGE_STRING=\"like\ 0.0.1\" -DPACKAGE_BUGREPORT=\"swkim@wizardlab.co.kr\" -DPACKAGE_URL=\"\" -DHAVE_LIBC=1 -DHAVE_LIBM=1 -DSTDC_HEADERS=1 -DHAVE_SYS_TYPES_H=1 -DHAVE_SYS_STAT_H=1 -DHAVE_STDLIB_H=1 -DHAVE_STRING_H=1 -DHAVE_MEMORY_H=1 -DHAVE_STRINGS_H=1 -DHAVE_INTTYPES_H=1 -DHAVE_STDINT_H=1 -DHAVE_UNISTD_H=1 -DHAVE_FCNTL_H=1 -DHAVE_STDLIB_H=1 -DHAVE_STRING_H=1 -DHAVE_SYS_IOCTL_H=1 -DHAVE_TERMIOS_H=1 -DHAVE_UNISTD_H=1 -DHAVE_DIRENT_H=1 -DHAVE_STRCHR=1 -DHAVE_STRDUP=1 -DHAVE_STDLIB_H=1 -DHAVE_MALLOC=1'
ECHO_C=''
ECHO_N='-n'
ECHO_T=''
EGREP='/bin/grep -E'
EXEEXT=''
GREP='/bin/grep'
LDFLAGS=''
LIBOBJS=''
LIBS='-lm -lc '
LTLIBOBJS=''
OBJEXT='o'
PACKAGE_BUGREPORT='swkim@wizardlab.co.kr'
PACKAGE_NAME='like'
PACKAGE_STRING='like 0.0.1'
PACKAGE_TARNAME='like'
PACKAGE_URL=''
PACKAGE_VERSION='0.0.1'
PATH_SEPARATOR=':'
SHELL='/bin/bash'
ac_ct_CC='gcc'
bindir='${exec_prefix}/bin'
build_alias=''
datadir='${datarootdir}'
datarootdir='${prefix}/share'
docdir='${datarootdir}/doc/${PACKAGE_TARNAME}'
dvidir='${docdir}'
exec_prefix='${prefix}'
host_alias=''
htmldir='${docdir}'
includedir='${prefix}/include'
infodir='${datarootdir}/info'
libdir='${exec_prefix}/lib'
libexecdir='${exec_prefix}/libexec'
localedir='${datarootdir}/locale'
localstatedir='${prefix}/var'
mandir='${datarootdir}/man'
oldincludedir='/usr/include'
pdfdir='${docdir}'
prefix='/usr/local'
program_transform_name='s,x,x,'
psdir='${docdir}'
runstatedir='${localstatedir}/run'
sbindir='${exec_prefix}/sbin'
sharedstatedir='${prefix}/com'
sysconfdir='${prefix}/etc'
target_alias=''

## ----------- ##
## confdefs.h. ##
## ----------- ##

/* confdefs.h */
#define PACKAGE_NAME "like"
#define PACKAGE_TARNAME "like"
#define PACKAGE_VERSION "0.0.1"
#define PACKAGE_STRING "like 0.0.1"
#define PACKAGE_BUGREPORT "swkim@wizardlab.co.kr"
#define PACKAGE_URL ""
#define HAVE_LIBC 1
#define HAVE_LIBM 1
#define STDC_HEADERS 1
#define HAVE_SYS_TYPES_H 1
#define HAVE_SYS_STAT_H 1
#define HAVE_STDLIB_H 1
#define HAVE_STRING_H 1
#define HAVE_MEMORY_H 1
#define HAVE_STRINGS_H 1
#define HAVE_INTTYPES_H 1
#define HAVE_STDINT_H 1
#define HAVE_UNISTD_H 1
#define HAVE_FCNTL_H 1
#define HAVE_STDLIB_H 1
#define HAVE_STRING_H 1
#define HAVE_SYS_IOCTL_H 1
#define HAVE_TERMIOS_H 1
#define HAVE_UNISTD_H 1
#define HAVE_DIRENT_H 1
#define HAVE_STRCHR 1
#define HAVE_STRDUP 1
#define HAVE_STDLIB_H 1
#define HAVE_MALLOC 1

configure: exit 0
